<?xml version="1.0" encoding="UTF-8"?>
<testng-results ignored="0" total="1" passed="1" failed="0" skipped="0">
  <reporter-output>
  </reporter-output>
  <suite started-at="2022-01-27T03:44:04 IST" name="Suite" finished-at="2022-01-27T03:44:40 IST" duration-ms="36378">
    <groups>
    </groups>
    <test started-at="2022-01-27T03:44:04 IST" name="Test" finished-at="2022-01-27T03:44:40 IST" duration-ms="36378">
      <class name="AllTestCases.LoginTC01">
        <test-method signature="loginTC01()[pri:0, instance:AllTestCases.LoginTC01@35dab4eb]" started-at="2022-01-27T03:44:04 IST" name="loginTC01" finished-at="2022-01-27T03:44:40 IST" duration-ms="36143" status="PASS">
          <reporter-output>
          </reporter-output>
        </test-method> <!-- loginTC01 -->
      </class> <!-- AllTestCases.LoginTC01 -->
    </test> <!-- Test -->
  </suite> <!-- Suite -->
</testng-results>
